1 1641194932 Listening for incoming connections on port 5678 
2 1641194932 Connection to SQL server established 
3 1641194932 New table SensorData created 
4 1641194947 Connection to SQL server lost 
1 1641194971 Listening for incoming connections on port 5678 
2 1641194971 Connection to SQL server established 
3 1641194971 New table SensorData created 
4 1641194972 A sensor node with id 23 has opened a new connection 
5 1641194974 Received sensor data with invalid sensor node ID 23 
6 1641194974 New SQL data entry 
7 1641194976 Received sensor data with invalid sensor node ID 23 
8 1641194976 New SQL data entry 
9 1641194978 Received sensor data with invalid sensor node ID 23 
10 1641194978 New SQL data entry 
11 1641194980 Received sensor data with invalid sensor node ID 23 
12 1641194980 New SQL data entry 
13 1641194982 Received sensor data with invalid sensor node ID 23 
14 1641194982 New SQL data entry 
15 1641194984 Received sensor data with invalid sensor node ID 23 
16 1641194984 New SQL data entry 
17 1641194986 Received sensor data with invalid sensor node ID 23 
18 1641194986 New SQL data entry 
19 1641194988 Received sensor data with invalid sensor node ID 23 
20 1641194988 New SQL data entry 
21 1641194990 Received sensor data with invalid sensor node ID 23 
22 1641194990 New SQL data entry 
23 1641194992 Received sensor data with invalid sensor node ID 23 
24 1641194992 New SQL data entry 
25 1641194994 Received sensor data with invalid sensor node ID 23 
26 1641194994 New SQL data entry 
27 1641194996 Received sensor data with invalid sensor node ID 23 
28 1641194996 New SQL data entry 
29 1641194997 A sensor node with id 21 has opened a new connection 
30 1641194997 New SQL data entry 
31 1641194998 Received sensor data with invalid sensor node ID 23 
32 1641194998 New SQL data entry 
33 1641194999 New SQL data entry 
34 1641195000 Received sensor data with invalid sensor node ID 23 
35 1641195000 New SQL data entry 
36 1641195001 New SQL data entry 
37 1641195002 Received sensor data with invalid sensor node ID 23 
38 1641195002 New SQL data entry 
39 1641195003 New SQL data entry 
40 1641195004 Received sensor data with invalid sensor node ID 23 
41 1641195004 New SQL data entry 
42 1641195005 New SQL data entry 
43 1641195006 Received sensor data with invalid sensor node ID 23 
44 1641195006 New SQL data entry 
45 1641195007 The sensor node with id 21 reports it’s too hot (running avgtemperature = 20. 
46 1641195007 260292) 
47 1641195007 New SQL data entry 
48 1641195008 Received sensor data with invalid sensor node ID 23 
49 1641195008 New SQL data entry 
50 1641195009 New SQL data entry 
51 1641195010 Received sensor data with invalid sensor node ID 23 
52 1641195010 New SQL data entry 
53 1641195011 New SQL data entry 
54 1641195012 Received sensor data with invalid sensor node ID 23 
55 1641195012 New SQL data entry 
56 1641195013 New SQL data entry 
57 1641195014 Received sensor data with invalid sensor node ID 23 
58 1641195014 New SQL data entry 
59 1641195015 New SQL data entry 
60 1641195016 Received sensor data with invalid sensor node ID 23 
61 1641195016 New SQL data entry 
62 1641195017 The sensor node with id 21 reports it’s too hot (running avgtemperature = 20. 
63 1641195017 626196) 
64 1641195017 New SQL data entry 
65 1641195018 Received sensor data with invalid sensor node ID 23 
66 1641195018 New SQL data entry 
67 1641195019 New SQL data entry 
68 1641195020 Received sensor data with invalid sensor node ID 23 
69 1641195020 New SQL data entry 
70 1641195021 New SQL data entry 
71 1641195022 Received sensor data with invalid sensor node ID 23 
72 1641195022 New SQL data entry 
73 1641195023 New SQL data entry 
74 1641195024 Received sensor data with invalid sensor node ID 23 
75 1641195024 New SQL data entry 
76 1641195025 New SQL data entry 
77 1641195026 Received sensor data with invalid sensor node ID 23 
78 1641195026 New SQL data entry 
79 1641195027 The sensor node with id 21 reports it’s too hot (running avgtemperature = 20. 
80 1641195027 191303) 
81 1641195027 New SQL data entry 
82 1641195029 New SQL data entry 
83 1641195031 New SQL data entry 
84 1641195032 The sensor node with id 23 has closed the connection 
85 1641195037 The sensor node with id 21 has closed the connection 
86 1641195046 Connection to SQL server lost 
1 1641195119 Listening for incoming connections on port 5678 
2 1641195119 Connection to SQL server established 
3 1641195119 New table SensorData created 
4 1641195123 A sensor node with id 23 has opened a new connection 
5 1641195125 New SQL data entry 
6 1641195127 New SQL data entry 
7 1641195128 A sensor node with id 21 has opened a new connection 
8 1641195128 New SQL data entry 
9 1641195129 New SQL data entry 
10 1641195130 New SQL data entry 
11 1641195131 New SQL data entry 
12 1641195132 New SQL data entry 
13 1641195133 New SQL data entry 
14 1641195134 New SQL data entry 
15 1641195135 New SQL data entry 
16 1641195136 New SQL data entry 
17 1641195137 New SQL data entry 
18 1641195138 New SQL data entry 
19 1641195139 New SQL data entry 
20 1641195140 New SQL data entry 
21 1641195141 New SQL data entry 
22 1641195142 New SQL data entry 
23 1641195143 New SQL data entry 
24 1641195144 New SQL data entry 
25 1641195145 New SQL data entry 
26 1641195146 New SQL data entry 
27 1641195147 New SQL data entry 
28 1641195148 New SQL data entry 
29 1641195149 New SQL data entry 
30 1641195150 New SQL data entry 
31 1641195151 New SQL data entry 
32 1641195153 New SQL data entry 
33 1641195155 New SQL data entry 
34 1641195156 The sensor node with id 21 has closed the connection 
35 1641195157 New SQL data entry 
36 1641195159 New SQL data entry 
37 1641195161 New SQL data entry 
38 1641195163 New SQL data entry 
39 1641195165 New SQL data entry 
40 1641195171 The sensor node with id 23 has closed the connection 
41 1641195180 Connection to SQL server lost 
1 1641195188 Listening for incoming connections on port 5678 
2 1641195188 Connection to SQL server established 
3 1641195188 New table SensorData created 
4 1641195203 Connection to SQL server lost 
1 1641195204 Listening for incoming connections on port 5678 
2 1641195204 Connection to SQL server established 
3 1641195204 New table SensorData created 
4 1641195205 A sensor node with id 21 has opened a new connection 
5 1641195207 New SQL data entry 
6 1641195209 New SQL data entry 
7 1641195211 New SQL data entry 
8 1641195212 A sensor node with id 23 has opened a new connection 
9 1641195212 Received sensor data with invalid sensor node ID 23 
10 1641195212 New SQL data entry 
11 1641195213 New SQL data entry 
12 1641195214 Received sensor data with invalid sensor node ID 23 
13 1641195214 New SQL data entry 
14 1641195215 New SQL data entry 
15 1641195216 Received sensor data with invalid sensor node ID 23 
16 1641195216 New SQL data entry 
17 1641195217 The sensor node with id 21 reports it’s too hot (running avgtemperature = 19.861010) 
18 1641195217 New SQL data entry 
19 1641195218 Received sensor data with invalid sensor node ID 23 
20 1641195218 New SQL data entry 
21 1641195219 New SQL data entry 
22 1641195220 Received sensor data with invalid sensor node ID 23 
23 1641195220 New SQL data entry 
24 1641195221 New SQL data entry 
25 1641195222 Received sensor data with invalid sensor node ID 23 
26 1641195222 New SQL data entry 
27 1641195223 New SQL data entry 
28 1641195224 Received sensor data with invalid sensor node ID 23 
29 1641195224 New SQL data entry 
30 1641195225 New SQL data entry 
31 1641195227 The sensor node with id 21 reports it’s too hot (running avgtemperature = 19.851425) 
32 1641195227 New SQL data entry 
33 1641195229 New SQL data entry 
34 1641195230 The sensor node with id 23 has closed the connection 
35 1641195231 New SQL data entry 
36 1641195237 The sensor node with id 21 has closed the connection 
37 1641195246 Connection to SQL server lost 
